/*C3*/SET SCHEMA PUBLIC
drop table Contatos
drop table Emails
CREATE TABLE Produto (id INTEGER GENERATED BY DEFAULT AS IDENTITY PRIMARY KEY, nome VARCHAR(255), sobrenome VARCHAR(255), categoria VARCHAR(255), apelido VARCHAR(255), tipo_contato VARCHAR(255))
drop table PRODUTO
CREATE TABLE Contatos (id INTEGER GENERATED BY DEFAULT AS IDENTITY PRIMARY KEY, nome VARCHAR(255), sobrenome VARCHAR(255), categoria VARCHAR(255), apelido VARCHAR(255), tipo_contato VARCHAR(255))
CREATE TABLE Emails (id INTEGER GENERATED BY DEFAULT AS IDENTITY PRIMARY KEY, endereco_email VARCHAR(255), principal BIT, id_contato INTEGER)
DISCONNECT
/*C4*/SET SCHEMA PUBLIC
INSERT INTO CONTATOS VALUES(0,'Eduardo'') drop database;','Nascimento',NULL,NULL,NULL)
COMMIT
DISCONNECT
/*C5*/SET SCHEMA PUBLIC
INSERT INTO CONTATOS VALUES(1,'Eduardo'') drop database;','Nascimento',NULL,NULL,NULL)
COMMIT
DISCONNECT
/*C6*/SET SCHEMA PUBLIC
INSERT INTO CONTATOS VALUES(2,'Eduardo'') drop database;','Nascimento',NULL,NULL,NULL)
COMMIT
DISCONNECT
/*C7*/SET SCHEMA PUBLIC
DISCONNECT
/*C8*/SET SCHEMA PUBLIC
INSERT INTO CONTATOS VALUES(3,'Eduardo'') drop database;','Nascimento',NULL,NULL,NULL)
COMMIT
DISCONNECT
/*C9*/SET SCHEMA PUBLIC
INSERT INTO CONTATOS VALUES(4,'Eduardo'') drop database;','Nascimento',NULL,NULL,NULL)
COMMIT
DISCONNECT
/*C10*/SET SCHEMA PUBLIC
INSERT INTO CONTATOS VALUES(5,'Eduardo'') drop database;','Nascimento',NULL,NULL,NULL)
COMMIT
DISCONNECT
/*C11*/SET SCHEMA PUBLIC
INSERT INTO CONTATOS VALUES(6,'Eduardo'') drop database;','Nascimento',NULL,NULL,NULL)
COMMIT
DISCONNECT
/*C12*/SET SCHEMA PUBLIC
INSERT INTO CONTATOS VALUES(7,'Eduardo'') drop database;','Nascimento',NULL,NULL,NULL)
COMMIT
DISCONNECT
/*C13*/SET SCHEMA PUBLIC
INSERT INTO CONTATOS VALUES(8,'Eduardo'') drop database;','Nascimento',NULL,NULL,NULL)
COMMIT
DISCONNECT
/*C14*/SET SCHEMA PUBLIC
DELETE FROM CONTATOS WHERE ID=6
DELETE FROM CONTATOS WHERE ID=7
DELETE FROM CONTATOS WHERE ID=8
COMMIT
DISCONNECT
/*C15*/SET SCHEMA PUBLIC
DISCONNECT
/*C16*/SET SCHEMA PUBLIC
DELETE FROM CONTATOS WHERE ID=2
DELETE FROM CONTATOS WHERE ID=3
DELETE FROM CONTATOS WHERE ID=4
DELETE FROM CONTATOS WHERE ID=5
INSERT INTO CONTATOS VALUES(2,'Lucas Eduardo','Nascimento',NULL,NULL,NULL)
INSERT INTO CONTATOS VALUES(3,'Lucas Eduardo','Nascimento',NULL,NULL,NULL)
INSERT INTO CONTATOS VALUES(4,'Lucas Eduardo','Nascimento',NULL,NULL,NULL)
INSERT INTO CONTATOS VALUES(5,'Lucas Eduardo','Nascimento',NULL,NULL,NULL)
COMMIT
DISCONNECT
/*C17*/SET SCHEMA PUBLIC
DELETE FROM CONTATOS WHERE ID=2
DELETE FROM CONTATOS WHERE ID=3
DELETE FROM CONTATOS WHERE ID=4
DELETE FROM CONTATOS WHERE ID=5
INSERT INTO CONTATOS VALUES(2,'Lucas Eduardo','Nascimento',NULL,NULL,NULL)
INSERT INTO CONTATOS VALUES(3,'Lucas Eduardo','Nascimento',NULL,NULL,NULL)
INSERT INTO CONTATOS VALUES(4,'Lucas Eduardo','Nascimento',NULL,NULL,NULL)
INSERT INTO CONTATOS VALUES(5,'Lucas Eduardo','Nascimento',NULL,NULL,NULL)
COMMIT
DISCONNECT
/*C18*/SET SCHEMA PUBLIC
DELETE FROM CONTATOS WHERE ID=2
DELETE FROM CONTATOS WHERE ID=3
DELETE FROM CONTATOS WHERE ID=4
DELETE FROM CONTATOS WHERE ID=5
INSERT INTO CONTATOS VALUES(2,'Lucas Eduardo','Nascimento',NULL,NULL,NULL)
INSERT INTO CONTATOS VALUES(3,'Lucas Eduardo','Nascimento',NULL,NULL,NULL)
INSERT INTO CONTATOS VALUES(4,'Lucas Eduardo','Nascimento',NULL,NULL,NULL)
INSERT INTO CONTATOS VALUES(5,'Lucas Eduardo','Nascimento',NULL,NULL,NULL)
COMMIT
DISCONNECT
/*C19*/SET SCHEMA PUBLIC
DELETE FROM CONTATOS WHERE ID=2
DELETE FROM CONTATOS WHERE ID=3
DELETE FROM CONTATOS WHERE ID=4
DELETE FROM CONTATOS WHERE ID=5
INSERT INTO CONTATOS VALUES(2,'Lucas Eduardo','Nascimento',NULL,NULL,NULL)
INSERT INTO CONTATOS VALUES(3,'Lucas Eduardo','Nascimento',NULL,NULL,NULL)
INSERT INTO CONTATOS VALUES(4,'Lucas Eduardo','Nascimento',NULL,NULL,NULL)
INSERT INTO CONTATOS VALUES(5,'Lucas Eduardo','Nascimento',NULL,NULL,NULL)
COMMIT
DISCONNECT
/*C20*/SET SCHEMA PUBLIC
DELETE FROM CONTATOS WHERE ID=2
DELETE FROM CONTATOS WHERE ID=3
DELETE FROM CONTATOS WHERE ID=4
DELETE FROM CONTATOS WHERE ID=5
INSERT INTO CONTATOS VALUES(2,'Lucas Eduardo','Nascimento',NULL,NULL,NULL)
INSERT INTO CONTATOS VALUES(3,'Lucas Eduardo','Nascimento',NULL,NULL,NULL)
INSERT INTO CONTATOS VALUES(4,'Lucas Eduardo','Nascimento',NULL,NULL,NULL)
INSERT INTO CONTATOS VALUES(5,'Lucas Eduardo','Nascimento',NULL,NULL,NULL)
COMMIT
DISCONNECT
